  main.cpp
D:\Study\4-2\Graphics\LAB\project\Auditorium\Auditorium\sphere.h(114,25): warning C4244: 'initializing': conversion from 'double' to 'float', possible loss of data
  (compiling source file 'main.cpp')
  
D:\Study\4-2\Graphics\LAB\project\Auditorium\Auditorium\sphere.h(115,25): warning C4244: 'initializing': conversion from 'double' to 'float', possible loss of data
  (compiling source file 'main.cpp')
  
D:\Study\4-2\Graphics\LAB\project\Auditorium\Auditorium\sphere.h(297,26): warning C4244: 'initializing': conversion from 'double' to 'float', possible loss of data
  (compiling source file 'main.cpp')
  
D:\Study\4-2\Graphics\LAB\project\Auditorium\Auditorium\sphere.h(298,25): warning C4244: 'initializing': conversion from 'double' to 'float', possible loss of data
  (compiling source file 'main.cpp')
  
D:\Study\4-2\Graphics\LAB\project\Auditorium\Auditorium\sphere.h(300,26): warning C4244: 'initializing': conversion from 'double' to 'float', possible loss of data
  (compiling source file 'main.cpp')
  
D:\Study\4-2\Graphics\LAB\project\Auditorium\Auditorium\fractal.h(77,51): warning C4267: 'argument': conversion from 'size_t' to 'GLsizei', possible loss of data
  (compiling source file 'main.cpp')
  
D:\Study\4-2\Graphics\LAB\project\Auditorium\Auditorium\fractal.h(85,56): warning C4267: 'argument': conversion from 'size_t' to 'GLsizei', possible loss of data
  (compiling source file 'main.cpp')
  
D:\Study\4-2\Graphics\LAB\project\Auditorium\Auditorium\BezierCurve.h(111,37): warning C4244: 'initializing': conversion from 'double' to 'float', possible loss of data
  (compiling source file 'main.cpp')
  
D:\Study\4-2\Graphics\LAB\project\Auditorium\Auditorium\BezierCurve.h(111,28): warning C4244: 'initializing': conversion from 'double' to 'const float', possible loss of data
  (compiling source file 'main.cpp')
  
D:\Study\4-2\Graphics\LAB\project\Auditorium\Auditorium\BezierCurve.h(114,18): warning C4244: 'initializing': conversion from 'double' to 'float', possible loss of data
  (compiling source file 'main.cpp')
  
D:\Study\4-2\Graphics\LAB\project\Auditorium\Auditorium\BezierCurve.h(124,29): warning C4244: '=': conversion from 'double' to 'float', possible loss of data
  (compiling source file 'main.cpp')
  
D:\Study\4-2\Graphics\LAB\project\Auditorium\Auditorium\BezierCurve.h(132,23): warning C4244: '=': conversion from 'double' to 'float', possible loss of data
  (compiling source file 'main.cpp')
  
D:\Study\4-2\Graphics\LAB\project\Auditorium\Auditorium\BezierCurve.h(133,23): warning C4244: '=': conversion from 'double' to 'float', possible loss of data
  (compiling source file 'main.cpp')
  
D:\Study\4-2\Graphics\LAB\project\Auditorium\Auditorium\cylinder.h(199,34): warning C4267: '=': conversion from 'size_t' to 'int', possible loss of data
  (compiling source file 'main.cpp')
  
D:\Study\4-2\Graphics\LAB\project\Auditorium\Auditorium\flag.h(129,36): warning C4267: '=': conversion from 'size_t' to 'int', possible loss of data
  (compiling source file 'main.cpp')
  
D:\Study\4-2\Graphics\LAB\project\Auditorium\Auditorium\main.cpp(332,1): warning C4305: 'initializing': truncation from 'double' to 'float'
D:\Study\4-2\Graphics\LAB\project\Auditorium\Auditorium\main.cpp(332,10): warning C4305: 'initializing': truncation from 'double' to 'float'
D:\Study\4-2\Graphics\LAB\project\Auditorium\Auditorium\main.cpp(332,18): warning C4305: 'initializing': truncation from 'double' to 'float'
D:\Study\4-2\Graphics\LAB\project\Auditorium\Auditorium\main.cpp(333,1): warning C4305: 'initializing': truncation from 'double' to 'float'
D:\Study\4-2\Graphics\LAB\project\Auditorium\Auditorium\main.cpp(333,10): warning C4305: 'initializing': truncation from 'double' to 'float'
D:\Study\4-2\Graphics\LAB\project\Auditorium\Auditorium\main.cpp(333,18): warning C4305: 'initializing': truncation from 'double' to 'float'
D:\Study\4-2\Graphics\LAB\project\Auditorium\Auditorium\main.cpp(334,1): warning C4305: 'initializing': truncation from 'double' to 'float'
D:\Study\4-2\Graphics\LAB\project\Auditorium\Auditorium\main.cpp(334,10): warning C4305: 'initializing': truncation from 'double' to 'float'
D:\Study\4-2\Graphics\LAB\project\Auditorium\Auditorium\main.cpp(334,18): warning C4305: 'initializing': truncation from 'double' to 'float'
D:\Study\4-2\Graphics\LAB\project\Auditorium\Auditorium\main.cpp(335,1): warning C4305: 'initializing': truncation from 'double' to 'float'
D:\Study\4-2\Graphics\LAB\project\Auditorium\Auditorium\main.cpp(335,10): warning C4305: 'initializing': truncation from 'double' to 'float'
D:\Study\4-2\Graphics\LAB\project\Auditorium\Auditorium\main.cpp(335,18): warning C4305: 'initializing': truncation from 'double' to 'float'
D:\Study\4-2\Graphics\LAB\project\Auditorium\Auditorium\main.cpp(336,1): warning C4305: 'initializing': truncation from 'double' to 'float'
D:\Study\4-2\Graphics\LAB\project\Auditorium\Auditorium\main.cpp(336,10): warning C4305: 'initializing': truncation from 'double' to 'float'
D:\Study\4-2\Graphics\LAB\project\Auditorium\Auditorium\main.cpp(336,18): warning C4305: 'initializing': truncation from 'double' to 'float'
D:\Study\4-2\Graphics\LAB\project\Auditorium\Auditorium\main.cpp(337,1): warning C4305: 'initializing': truncation from 'double' to 'float'
D:\Study\4-2\Graphics\LAB\project\Auditorium\Auditorium\main.cpp(337,10): warning C4305: 'initializing': truncation from 'double' to 'float'
D:\Study\4-2\Graphics\LAB\project\Auditorium\Auditorium\main.cpp(337,18): warning C4305: 'initializing': truncation from 'double' to 'float'
D:\Study\4-2\Graphics\LAB\project\Auditorium\Auditorium\main.cpp(338,10): warning C4305: 'initializing': truncation from 'double' to 'float'
D:\Study\4-2\Graphics\LAB\project\Auditorium\Auditorium\main.cpp(338,18): warning C4305: 'initializing': truncation from 'double' to 'float'
D:\Study\4-2\Graphics\LAB\project\Auditorium\Auditorium\main.cpp(339,1): warning C4305: 'initializing': truncation from 'double' to 'float'
D:\Study\4-2\Graphics\LAB\project\Auditorium\Auditorium\main.cpp(339,10): warning C4305: 'initializing': truncation from 'double' to 'float'
D:\Study\4-2\Graphics\LAB\project\Auditorium\Auditorium\main.cpp(339,18): warning C4305: 'initializing': truncation from 'double' to 'float'
D:\Study\4-2\Graphics\LAB\project\Auditorium\Auditorium\main.cpp(340,1): warning C4305: 'initializing': truncation from 'double' to 'float'
D:\Study\4-2\Graphics\LAB\project\Auditorium\Auditorium\main.cpp(340,10): warning C4305: 'initializing': truncation from 'double' to 'float'
D:\Study\4-2\Graphics\LAB\project\Auditorium\Auditorium\main.cpp(340,18): warning C4305: 'initializing': truncation from 'double' to 'float'
D:\Study\4-2\Graphics\LAB\project\Auditorium\Auditorium\main.cpp(341,1): warning C4305: 'initializing': truncation from 'double' to 'float'
D:\Study\4-2\Graphics\LAB\project\Auditorium\Auditorium\main.cpp(341,10): warning C4305: 'initializing': truncation from 'double' to 'float'
D:\Study\4-2\Graphics\LAB\project\Auditorium\Auditorium\main.cpp(341,18): warning C4305: 'initializing': truncation from 'double' to 'float'
D:\Study\4-2\Graphics\LAB\project\Auditorium\Auditorium\main.cpp(342,1): warning C4305: 'initializing': truncation from 'double' to 'float'
D:\Study\4-2\Graphics\LAB\project\Auditorium\Auditorium\main.cpp(342,10): warning C4305: 'initializing': truncation from 'double' to 'float'
D:\Study\4-2\Graphics\LAB\project\Auditorium\Auditorium\main.cpp(342,18): warning C4305: 'initializing': truncation from 'double' to 'float'
D:\Study\4-2\Graphics\LAB\project\Auditorium\Auditorium\main.cpp(343,1): warning C4305: 'initializing': truncation from 'double' to 'float'
D:\Study\4-2\Graphics\LAB\project\Auditorium\Auditorium\main.cpp(343,10): warning C4305: 'initializing': truncation from 'double' to 'float'
D:\Study\4-2\Graphics\LAB\project\Auditorium\Auditorium\main.cpp(343,18): warning C4305: 'initializing': truncation from 'double' to 'float'
D:\Study\4-2\Graphics\LAB\project\Auditorium\Auditorium\main.cpp(344,1): warning C4305: 'initializing': truncation from 'double' to 'float'
D:\Study\4-2\Graphics\LAB\project\Auditorium\Auditorium\main.cpp(344,10): warning C4305: 'initializing': truncation from 'double' to 'float'
D:\Study\4-2\Graphics\LAB\project\Auditorium\Auditorium\main.cpp(344,18): warning C4305: 'initializing': truncation from 'double' to 'float'
D:\Study\4-2\Graphics\LAB\project\Auditorium\Auditorium\main.cpp(345,1): warning C4305: 'initializing': truncation from 'double' to 'float'
D:\Study\4-2\Graphics\LAB\project\Auditorium\Auditorium\main.cpp(345,10): warning C4305: 'initializing': truncation from 'double' to 'float'
D:\Study\4-2\Graphics\LAB\project\Auditorium\Auditorium\main.cpp(345,18): warning C4305: 'initializing': truncation from 'double' to 'float'
D:\Study\4-2\Graphics\LAB\project\Auditorium\Auditorium\main.cpp(1058,60): warning C4305: 'argument': truncation from 'double' to 'float'
D:\Study\4-2\Graphics\LAB\project\Auditorium\Auditorium\main.cpp(1058,53): warning C4305: 'argument': truncation from 'double' to 'float'
D:\Study\4-2\Graphics\LAB\project\Auditorium\Auditorium\main.cpp(1058,46): warning C4305: 'argument': truncation from 'double' to 'float'
D:\Study\4-2\Graphics\LAB\project\Auditorium\Auditorium\main.cpp(1065,60): warning C4305: 'argument': truncation from 'double' to 'float'
D:\Study\4-2\Graphics\LAB\project\Auditorium\Auditorium\main.cpp(1065,53): warning C4305: 'argument': truncation from 'double' to 'float'
D:\Study\4-2\Graphics\LAB\project\Auditorium\Auditorium\main.cpp(1065,46): warning C4305: 'argument': truncation from 'double' to 'float'
D:\Study\4-2\Graphics\LAB\project\Auditorium\Auditorium\main.cpp(1071,60): warning C4305: 'argument': truncation from 'double' to 'float'
D:\Study\4-2\Graphics\LAB\project\Auditorium\Auditorium\main.cpp(1071,53): warning C4305: 'argument': truncation from 'double' to 'float'
D:\Study\4-2\Graphics\LAB\project\Auditorium\Auditorium\main.cpp(1071,46): warning C4305: 'argument': truncation from 'double' to 'float'
D:\Study\4-2\Graphics\LAB\project\Auditorium\Auditorium\main.cpp(1078,60): warning C4305: 'argument': truncation from 'double' to 'float'
D:\Study\4-2\Graphics\LAB\project\Auditorium\Auditorium\main.cpp(1078,53): warning C4305: 'argument': truncation from 'double' to 'float'
D:\Study\4-2\Graphics\LAB\project\Auditorium\Auditorium\main.cpp(1078,46): warning C4305: 'argument': truncation from 'double' to 'float'
D:\Study\4-2\Graphics\LAB\project\Auditorium\Auditorium\main.cpp(1084,60): warning C4305: 'argument': truncation from 'double' to 'float'
D:\Study\4-2\Graphics\LAB\project\Auditorium\Auditorium\main.cpp(1084,53): warning C4305: 'argument': truncation from 'double' to 'float'
D:\Study\4-2\Graphics\LAB\project\Auditorium\Auditorium\main.cpp(1084,46): warning C4305: 'argument': truncation from 'double' to 'float'
  Auditorium.vcxproj -> D:\Study\4-2\Graphics\LAB\project\Auditorium\Auditorium\x64\Debug\Auditorium.exe
